14/03/2018 12:07:28 - LoginPage - INFO: Element --//input[contains(@class, 'login-name')]-- Found
14/03/2018 12:07:28 - LoginPage - INFO: Element --//input[contains(@class, 'login-name')]-- cleared seccessful
14/03/2018 12:07:28 - LoginPage - INFO: Element --//input[contains(@class, 'login-name')]-- Found
14/03/2018 12:07:28 - LoginPage - INFO: Send data --sergey.verkhovodko@synesis.ru-- to the --//input[contains(@class, 'login-name')]-- element
14/03/2018 12:07:28 - LoginPage - INFO: Element --//input[contains(@class, 'login-password')]-- Found
14/03/2018 12:07:28 - LoginPage - INFO: Element --//input[contains(@class, 'login-password')]-- cleared seccessful
14/03/2018 12:07:28 - LoginPage - INFO: Element --//input[contains(@class, 'login-password')]-- Found
14/03/2018 12:07:28 - LoginPage - INFO: Send data --admADM1/-- to the --//input[contains(@class, 'login-password')]-- element
14/03/2018 12:07:28 - LoginPage - INFO: Element --//input[@type='submit']-- Found
14/03/2018 12:07:28 - LoginPage - INFO: Element --//input[@type='submit']-- clicked
14/03/2018 12:07:28 - Util - INFO: Wait :: '2' seconds for 
14/03/2018 12:07:30 - NavigationPage - INFO: Element --//div[@kp-icon-svg='settings']-- Found
14/03/2018 12:07:30 - NavigationPage - INFO: Element --//div[@kp-icon-svg='settings']-- clicked
14/03/2018 12:07:30 - NavigationPage - INFO: Element --//a[@ui-sref='org.users']-- Found
14/03/2018 12:07:30 - NavigationPage - INFO: Element --//a[@ui-sref='org.users']-- clicked
14/03/2018 12:07:33 - UsersPage - INFO: Elements list with locator --//span[contains(text(),'Auto_test_user')]-- found
14/03/2018 12:07:33 - UsersPage - INFO: Element --//button[@ng-click='create()']-- Found
14/03/2018 12:07:33 - UsersPage - INFO: Element --//button[@ng-click='create()']-- clicked
14/03/2018 12:07:33 - UsersPage - INFO: Element --//input[@name='email']-- Found
14/03/2018 12:07:33 - UsersPage - INFO: Element --//input[@name='email']-- cleared seccessful
14/03/2018 12:07:33 - UsersPage - INFO: Element --//input[@name='email']-- Found
14/03/2018 12:07:33 - UsersPage - INFO: Send data --Auto_test_user_guest@ki.ki-- to the --//input[@name='email']-- element
14/03/2018 12:07:33 - UsersPage - INFO: Element --//input[@name='phone']-- Found
14/03/2018 12:07:33 - UsersPage - INFO: Element --//input[@name='phone']-- cleared seccessful
14/03/2018 12:07:33 - UsersPage - INFO: Element --//input[@name='phone']-- Found
14/03/2018 12:07:34 - UsersPage - INFO: Send data --0000000000-- to the --//input[@name='phone']-- element
14/03/2018 12:07:34 - UsersPage - INFO: Element --//input[@name='fullName']-- Found
14/03/2018 12:07:34 - UsersPage - INFO: Element --//input[@name='fullName']-- cleared seccessful
14/03/2018 12:07:34 - UsersPage - INFO: Element --//input[@name='fullName']-- Found
14/03/2018 12:07:34 - UsersPage - INFO: Send data --Auto_test_user_guest_04536-- to the --//input[@name='fullName']-- element
14/03/2018 12:07:34 - UsersPage - INFO: Element --//input[@name='autoGeneratePassword']-- Found
14/03/2018 12:07:34 - UsersPage - INFO: Element --//input[@name='autoGeneratePassword']-- clicked
14/03/2018 12:07:34 - UsersPage - INFO: Element --//input[@name='showPasswords']-- Found
14/03/2018 12:07:34 - UsersPage - INFO: Element --//input[@name='showPasswords']-- clicked
14/03/2018 12:07:34 - UsersPage - INFO: Element --//input[@name='password']-- Found
14/03/2018 12:07:34 - UsersPage - INFO: Element --//input[@name='password']-- cleared seccessful
14/03/2018 12:07:34 - UsersPage - INFO: Element --//input[@name='password']-- Found
14/03/2018 12:07:34 - UsersPage - INFO: Send data --Newguest@1-- to the --//input[@name='password']-- element
14/03/2018 12:07:34 - UsersPage - INFO: Element --//input[@name='password_confirmation']-- Found
14/03/2018 12:07:34 - UsersPage - INFO: Element --//input[@name='password_confirmation']-- cleared seccessful
14/03/2018 12:07:34 - UsersPage - INFO: Element --//input[@name='password_confirmation']-- Found
14/03/2018 12:07:34 - UsersPage - INFO: Send data --Newguest@1-- to the --//input[@name='password_confirmation']-- element
14/03/2018 12:07:34 - UsersPage - INFO: Element --//select[@name='role']-- Found
14/03/2018 12:07:34 - UsersPage - INFO: Element --//input[@name='avatar']-- Found
14/03/2018 12:07:34 - UsersPage - INFO: Send data --/home/sergey/station/usersavatars/guest_avatar.png-- to the --//input[@name='avatar']-- element
14/03/2018 12:07:34 - UsersPage - INFO: Element --//button[@ng-click='save()']-- Found
14/03/2018 12:07:34 - UsersPage - INFO: Element --//button[@ng-click='save()']-- clicked
14/03/2018 12:07:34 - Util - INFO: Wait :: '0.3' seconds for 
14/03/2018 12:07:35 - UsersPage - INFO: Elements list with locator --//span[contains(text(),'Auto_test_user')]-- found
14/03/2018 12:07:35 - NavigationPage - INFO: Element --//div[@kp-icon-svg='settings']-- Found
14/03/2018 12:07:35 - NavigationPage - INFO: Element --//div[@kp-icon-svg='settings']-- clicked
14/03/2018 12:07:35 - NavigationPage - INFO: Element --//a[@ui-sref='org.users']-- Found
14/03/2018 12:07:35 - NavigationPage - INFO: Element --//a[@ui-sref='org.users']-- clicked
14/03/2018 12:07:35 - UsersPage - INFO: Elements list with locator --//span[contains(text(),'Auto_test_user')]-- found
14/03/2018 12:07:35 - UsersPage - INFO: Element --//button[@ng-click='create()']-- Found
14/03/2018 12:07:35 - UsersPage - INFO: Element --//button[@ng-click='create()']-- clicked
14/03/2018 12:07:35 - UsersPage - INFO: Element --//input[@name='email']-- Found
14/03/2018 12:07:35 - UsersPage - INFO: Element --//input[@name='email']-- cleared seccessful
14/03/2018 12:07:35 - UsersPage - INFO: Element --//input[@name='email']-- Found
14/03/2018 12:07:35 - UsersPage - INFO: Send data --Auto_test_user_watcher@ki.ki-- to the --//input[@name='email']-- element
14/03/2018 12:07:35 - UsersPage - INFO: Element --//input[@name='phone']-- Found
14/03/2018 12:07:35 - UsersPage - INFO: Element --//input[@name='phone']-- cleared seccessful
14/03/2018 12:07:35 - UsersPage - INFO: Element --//input[@name='phone']-- Found
14/03/2018 12:07:35 - UsersPage - INFO: Send data --1111111111-- to the --//input[@name='phone']-- element
14/03/2018 12:07:35 - UsersPage - INFO: Element --//input[@name='fullName']-- Found
14/03/2018 12:07:35 - UsersPage - INFO: Element --//input[@name='fullName']-- cleared seccessful
14/03/2018 12:07:35 - UsersPage - INFO: Element --//input[@name='fullName']-- Found
14/03/2018 12:07:35 - UsersPage - INFO: Send data --Auto_test_user_watcher_08844-- to the --//input[@name='fullName']-- element
14/03/2018 12:07:35 - UsersPage - INFO: Element --//input[@name='autoGeneratePassword']-- Found
14/03/2018 12:07:35 - UsersPage - INFO: Element --//input[@name='autoGeneratePassword']-- clicked
14/03/2018 12:07:35 - UsersPage - INFO: Element --//input[@name='showPasswords']-- Found
14/03/2018 12:07:35 - UsersPage - INFO: Element --//input[@name='showPasswords']-- clicked
14/03/2018 12:07:35 - UsersPage - INFO: Element --//input[@name='password']-- Found
14/03/2018 12:07:35 - UsersPage - INFO: Element --//input[@name='password']-- cleared seccessful
14/03/2018 12:07:35 - UsersPage - INFO: Element --//input[@name='password']-- Found
14/03/2018 12:07:35 - UsersPage - INFO: Send data --Newguest@1-- to the --//input[@name='password']-- element
14/03/2018 12:07:35 - UsersPage - INFO: Element --//input[@name='password_confirmation']-- Found
14/03/2018 12:07:35 - UsersPage - INFO: Element --//input[@name='password_confirmation']-- cleared seccessful
14/03/2018 12:07:35 - UsersPage - INFO: Element --//input[@name='password_confirmation']-- Found
14/03/2018 12:07:36 - UsersPage - INFO: Send data --Newguest@1-- to the --//input[@name='password_confirmation']-- element
14/03/2018 12:07:36 - UsersPage - INFO: Element --//select[@name='role']-- Found
14/03/2018 12:07:36 - UsersPage - INFO: Element --//input[@name='avatar']-- Found
14/03/2018 12:07:36 - UsersPage - INFO: Send data --/home/sergey/station/usersavatars/watcher_avatar.jpg-- to the --//input[@name='avatar']-- element
14/03/2018 12:07:36 - UsersPage - INFO: Element --//button[@ng-click='save()']-- Found
14/03/2018 12:07:36 - UsersPage - INFO: Element --//button[@ng-click='save()']-- clicked
14/03/2018 12:07:36 - Util - INFO: Wait :: '0.3' seconds for 
14/03/2018 12:07:36 - UsersPage - INFO: Elements list with locator --//span[contains(text(),'Auto_test_user')]-- found
14/03/2018 12:07:36 - NavigationPage - INFO: Element --//div[@kp-icon-svg='settings']-- Found
14/03/2018 12:07:36 - NavigationPage - INFO: Element --//div[@kp-icon-svg='settings']-- clicked
14/03/2018 12:07:36 - NavigationPage - INFO: Element --//a[@ui-sref='org.users']-- Found
14/03/2018 12:07:36 - NavigationPage - INFO: Element --//a[@ui-sref='org.users']-- clicked
14/03/2018 12:07:36 - UsersPage - INFO: Elements list with locator --//span[contains(text(),'Auto_test_user')]-- found
14/03/2018 12:07:36 - UsersPage - INFO: Element --//button[@ng-click='create()']-- Found
14/03/2018 12:07:36 - UsersPage - INFO: Element --//button[@ng-click='create()']-- clicked
14/03/2018 12:07:36 - UsersPage - INFO: Element --//input[@name='email']-- Found
14/03/2018 12:07:36 - UsersPage - INFO: Element --//input[@name='email']-- cleared seccessful
14/03/2018 12:07:36 - UsersPage - INFO: Element --//input[@name='email']-- Found
14/03/2018 12:07:36 - UsersPage - INFO: Send data --Auto_test_user_operator@ki.ki-- to the --//input[@name='email']-- element
14/03/2018 12:07:36 - UsersPage - INFO: Element --//input[@name='phone']-- Found
14/03/2018 12:07:36 - UsersPage - INFO: Element --//input[@name='phone']-- cleared seccessful
14/03/2018 12:07:36 - UsersPage - INFO: Element --//input[@name='phone']-- Found
14/03/2018 12:07:36 - UsersPage - INFO: Send data --2222222222-- to the --//input[@name='phone']-- element
14/03/2018 12:07:36 - UsersPage - INFO: Element --//input[@name='fullName']-- Found
14/03/2018 12:07:36 - UsersPage - INFO: Element --//input[@name='fullName']-- cleared seccessful
14/03/2018 12:07:36 - UsersPage - INFO: Element --//input[@name='fullName']-- Found
14/03/2018 12:07:37 - UsersPage - INFO: Send data --Auto_test_user_operator_11961-- to the --//input[@name='fullName']-- element
14/03/2018 12:07:37 - UsersPage - INFO: Element --//input[@name='autoGeneratePassword']-- Found
14/03/2018 12:07:37 - UsersPage - INFO: Element --//input[@name='autoGeneratePassword']-- clicked
14/03/2018 12:07:37 - UsersPage - INFO: Element --//input[@name='showPasswords']-- Found
14/03/2018 12:07:37 - UsersPage - INFO: Element --//input[@name='showPasswords']-- clicked
14/03/2018 12:07:37 - UsersPage - INFO: Element --//input[@name='password']-- Found
14/03/2018 12:07:37 - UsersPage - INFO: Element --//input[@name='password']-- cleared seccessful
14/03/2018 12:07:37 - UsersPage - INFO: Element --//input[@name='password']-- Found
14/03/2018 12:07:37 - UsersPage - INFO: Send data --Newguest@1-- to the --//input[@name='password']-- element
14/03/2018 12:07:37 - UsersPage - INFO: Element --//input[@name='password_confirmation']-- Found
14/03/2018 12:07:37 - UsersPage - INFO: Element --//input[@name='password_confirmation']-- cleared seccessful
14/03/2018 12:07:37 - UsersPage - INFO: Element --//input[@name='password_confirmation']-- Found
14/03/2018 12:07:37 - UsersPage - INFO: Send data --Newguest@1-- to the --//input[@name='password_confirmation']-- element
14/03/2018 12:07:37 - UsersPage - INFO: Element --//select[@name='role']-- Found
14/03/2018 12:07:37 - UsersPage - INFO: Element --//input[@name='avatar']-- Found
14/03/2018 12:07:37 - UsersPage - INFO: Send data --/home/sergey/station/usersavatars/oper_avatar.jpg-- to the --//input[@name='avatar']-- element
14/03/2018 12:07:37 - UsersPage - INFO: Element --//button[@ng-click='save()']-- Found
14/03/2018 12:07:37 - UsersPage - INFO: Element --//button[@ng-click='save()']-- clicked
14/03/2018 12:07:37 - Util - INFO: Wait :: '0.3' seconds for 
14/03/2018 12:07:37 - UsersPage - INFO: Elements list with locator --//span[contains(text(),'Auto_test_user')]-- found
14/03/2018 12:07:37 - NavigationPage - INFO: Element --//div[@kp-icon-svg='settings']-- Found
14/03/2018 12:07:37 - NavigationPage - INFO: Element --//div[@kp-icon-svg='settings']-- clicked
14/03/2018 12:07:37 - NavigationPage - INFO: Element --//a[@ui-sref='org.users']-- Found
14/03/2018 12:07:37 - NavigationPage - INFO: Element --//a[@ui-sref='org.users']-- clicked
14/03/2018 12:07:37 - UsersPage - INFO: Elements list with locator --//span[contains(text(),'Auto_test_user')]-- found
14/03/2018 12:07:38 - UsersPage - INFO: Elements list with locator --//span[contains(text(),'Auto_test_user')]-- found
14/03/2018 12:07:38 - UsersPage - INFO: Element Found
14/03/2018 12:07:38 - UsersPage - INFO: Element --//span[contains(text(),'Auto_test_user')]//parent::td//following-sibling::td/div-- Found
14/03/2018 12:07:38 - UsersPage - INFO: Moved and clicked on element --//span[contains(text(),'Auto_test_user')]//parent::td//following-sibling::td/div-- seccessful
14/03/2018 12:07:38 - Util - INFO: Wait :: '0.2' seconds for 
14/03/2018 12:07:38 - UsersPage - INFO: Element --//span[contains(text(),'Auto_test_user')]//parent::td//following-sibling::td/div/div/ul/li/a[(text()='Удалить') or (text()='Delete')]-- Found
14/03/2018 12:07:38 - UsersPage - INFO: Element --//span[contains(text(),'Auto_test_user')]//parent::td//following-sibling::td/div/div/ul/li/a[(text()='Удалить') or (text()='Delete')]-- clicked
14/03/2018 12:07:38 - UsersPage - INFO: Element --//button[@class='btn btn-primary ng-binding']-- Found
14/03/2018 12:07:38 - UsersPage - INFO: Element --//button[@class='btn btn-primary ng-binding']-- clicked
14/03/2018 12:07:38 - Util - INFO: Wait :: '0.3' seconds for 
14/03/2018 12:07:38 - UsersPage - INFO: Elements list with locator --//span[contains(text(),'Auto_test_user')]-- found
14/03/2018 12:07:38 - UsersPage - INFO: Element Found
14/03/2018 12:07:38 - UsersPage - INFO: Elements list with locator --//span[contains(text(),'Auto_test_user')]-- found
14/03/2018 12:07:38 - UsersPage - INFO: Element Found
14/03/2018 12:07:38 - UsersPage - INFO: Element --//span[contains(text(),'Auto_test_user')]//parent::td//following-sibling::td/div-- Found
14/03/2018 12:07:38 - UsersPage - INFO: Moved and clicked on element --//span[contains(text(),'Auto_test_user')]//parent::td//following-sibling::td/div-- seccessful
14/03/2018 12:07:38 - Util - INFO: Wait :: '0.2' seconds for 
14/03/2018 12:07:39 - UsersPage - INFO: Element --//span[contains(text(),'Auto_test_user')]//parent::td//following-sibling::td/div/div/ul/li/a[(text()='Удалить') or (text()='Delete')]-- Found
14/03/2018 12:07:39 - UsersPage - INFO: Element --//span[contains(text(),'Auto_test_user')]//parent::td//following-sibling::td/div/div/ul/li/a[(text()='Удалить') or (text()='Delete')]-- clicked
14/03/2018 12:07:39 - UsersPage - INFO: Element --//button[@class='btn btn-primary ng-binding']-- Found
14/03/2018 12:07:39 - UsersPage - INFO: Element --//button[@class='btn btn-primary ng-binding']-- clicked
14/03/2018 12:07:39 - Util - INFO: Wait :: '0.3' seconds for 
14/03/2018 12:07:39 - UsersPage - INFO: Elements list with locator --//span[contains(text(),'Auto_test_user')]-- found
14/03/2018 12:07:39 - UsersPage - INFO: Element Found
14/03/2018 12:07:39 - UsersPage - INFO: Elements list with locator --//span[contains(text(),'Auto_test_user')]-- found
14/03/2018 12:07:39 - UsersPage - INFO: Element Found
14/03/2018 12:07:39 - UsersPage - INFO: Element --//span[contains(text(),'Auto_test_user')]//parent::td//following-sibling::td/div-- Found
14/03/2018 12:07:39 - UsersPage - INFO: Moved and clicked on element --//span[contains(text(),'Auto_test_user')]//parent::td//following-sibling::td/div-- seccessful
14/03/2018 12:07:39 - Util - INFO: Wait :: '0.2' seconds for 
14/03/2018 12:07:39 - UsersPage - INFO: Element --//span[contains(text(),'Auto_test_user')]//parent::td//following-sibling::td/div/div/ul/li/a[(text()='Удалить') or (text()='Delete')]-- Found
14/03/2018 12:07:39 - UsersPage - INFO: Element --//span[contains(text(),'Auto_test_user')]//parent::td//following-sibling::td/div/div/ul/li/a[(text()='Удалить') or (text()='Delete')]-- clicked
14/03/2018 12:07:39 - UsersPage - INFO: Element --//button[@class='btn btn-primary ng-binding']-- Found
14/03/2018 12:07:39 - UsersPage - INFO: Element --//button[@class='btn btn-primary ng-binding']-- clicked
14/03/2018 12:07:39 - Util - INFO: Wait :: '0.3' seconds for 
14/03/2018 12:07:43 - UsersPage - INFO: Elements list with locator --//span[contains(text(),'Auto_test_user')]-- found
14/03/2018 12:07:43 - UsersPage - INFO: Element not found
14/03/2018 12:07:46 - UsersPage - INFO: Elements list with locator --//span[contains(text(),'Auto_test_user')]-- found
